#
# An unexpected error has been detected by Java Runtime Environment:
#
#  EXCEPTION_STACK_OVERFLOW (0xc00000fd) at pc=0x7e36f88d, pid=5672, tid=708
#
# Java VM: Java HotSpot(TM) Client VM (10.0-b22 mixed mode, sharing windows-x86)
# Problematic frame:
# C  [USER32.dll+0xf88d]
#
# If you would like to submit a bug report, please visit:
#   http://java.sun.com/webapps/bugreport/crash.jsp
# The crash happened outside the Java Virtual Machine in native code.
# See problematic frame for where to report the bug.
#

---------------  T H R E A D  ---------------

Current thread (0x02a83800):  JavaThread "AWT-Windows" daemon [_thread_in_native, id=708, stack(0x02ec0000,0x02f10000)]

siginfo: ExceptionCode=0xc00000fd, ExceptionInformation=0x00000001 0x02ec0ffc 

Registers:
EAX=0x0058a908, EBX=0x00000000, ECX=0x00000000, EDX=0x00000000
ESP=0x02ec1000, EBP=0x02ec100c, ESI=0x7ffae000, EDI=0x000c0000
EIP=0x7e36f88d, EFLAGS=0x00010202

Top of Stack: (sp=0x02ec1000)
0x02ec1000:   000c0000 00000000 00000000 02ec16c4
0x02ec1010:   10106dcd 00010309 00000000 00000000
0x02ec1020:   02ec16c4 000c0000 7ffae000 02ec16ac
0x02ec1030:   00000000 02ec16d8 000c0000 7ffae000
0x02ec1040:   02ec16c0 10106deb 02ec16ec 000c0000
0x02ec1050:   7ffae000 02ec16d4 10106deb 02ec1700
0x02ec1060:   000c0000 7ffae000 02ec16e8 10106deb
0x02ec1070:   02ec1714 000c0000 7ffae000 02ec16fc 

Instructions: (pc=0x7e36f88d)
0x7e36f87d:   ec 06 00 00 2b 86 e8 06 00 00 8b be 00 07 00 00
0x7e36f88d:   50 0f b7 df e8 14 00 00 00 85 c0 0f 85 8b e8 01 


Stack: [0x02ec0000,0x02f10000],  sp=0x02ec1000,  free space=4k
Native frames: (J=compiled Java code, j=interpreted, Vv=VM code, C=native code)
C  [USER32.dll+0xf88d]
C  [lgscroll.dll+0x6dcd]

Java frames: (J=compiled Java code, j=interpreted, Vv=VM code)
v  ~BufferBlob::Interpreter
v  ~BufferBlob::Interpreter
v  ~BufferBlob::Interpreter
v  ~BufferBlob::StubRoutines (1)

---------------  P R O C E S S  ---------------

Java Threads: ( => current thread )
  0x02aac400 JavaThread "Thread-3" [_thread_blocked, id=1232, stack(0x03900000,0x03950000)]
  0x0340a000 JavaThread "Thread-2" [_thread_in_native, id=5000, stack(0x038b0000,0x03900000)]
  0x00295400 JavaThread "DestroyJavaVM" [_thread_blocked, id=4388, stack(0x008c0000,0x00910000)]
  0x02af9400 JavaThread "AWT-EventQueue-0" [_thread_blocked, id=2620, stack(0x02f70000,0x02fc0000)]
=>0x02a83800 JavaThread "AWT-Windows" daemon [_thread_in_native, id=708, stack(0x02ec0000,0x02f10000)]
  0x02af5800 JavaThread "AWT-Shutdown" [_thread_blocked, id=284, stack(0x02e70000,0x02ec0000)]
  0x02a77000 JavaThread "Java2D Disposer" daemon [_thread_blocked, id=5720, stack(0x02e20000,0x02e70000)]
  0x02a5d400 JavaThread "Low Memory Detector" daemon [_thread_blocked, id=5176, stack(0x02d10000,0x02d60000)]
  0x02a57c00 JavaThread "CompilerThread0" daemon [_thread_blocked, id=5776, stack(0x02cc0000,0x02d10000)]
  0x02a56c00 JavaThread "Attach Listener" daemon [_thread_blocked, id=676, stack(0x02c70000,0x02cc0000)]
  0x02a55c00 JavaThread "Signal Dispatcher" daemon [_thread_blocked, id=536, stack(0x02c20000,0x02c70000)]
  0x02a4e000 JavaThread "Finalizer" daemon [_thread_blocked, id=852, stack(0x02bd0000,0x02c20000)]
  0x02a4d000 JavaThread "Reference Handler" daemon [_thread_blocked, id=3264, stack(0x02b80000,0x02bd0000)]

Other Threads:
  0x02a4bc00 VMThread [stack: 0x02b30000,0x02b80000] [id=1220]
  0x02a6f400 WatcherThread [stack: 0x02d60000,0x02db0000] [id=4928]

VM state:not at safepoint (normal execution)

VM Mutex/Monitor currently owned by a thread: None

Heap
 def new generation   total 960K, used 798K [0x22960000, 0x22a60000, 0x22e40000)
  eden space 896K,  82% used [0x22960000, 0x22a18530, 0x22a40000)
  from space 64K,  95% used [0x22a40000, 0x22a4f360, 0x22a50000)
  to   space 64K,   0% used [0x22a50000, 0x22a50000, 0x22a60000)
 tenured generation   total 4096K, used 827K [0x22e40000, 0x23240000, 0x26960000)
   the space 4096K,  20% used [0x22e40000, 0x22f0ecf0, 0x22f0ee00, 0x23240000)
 compacting perm gen  total 12288K, used 582K [0x26960000, 0x27560000, 0x2a960000)
   the space 12288K,   4% used [0x26960000, 0x269f1988, 0x269f1a00, 0x27560000)
    ro space 8192K,  66% used [0x2a960000, 0x2aeb0e10, 0x2aeb1000, 0x2b160000)
    rw space 12288K,  52% used [0x2b160000, 0x2b7b04c8, 0x2b7b0600, 0x2bd60000)

Dynamic libraries:
0x00400000 - 0x00423000 	C:\Programme\Java\jdk1.6.0_06\jre\bin\java.exe
0x7c910000 - 0x7c9c7000 	C:\WINDOWS\system32\ntdll.dll
0x7c800000 - 0x7c907000 	C:\WINDOWS\system32\kernel32.dll
0x77da0000 - 0x77e4a000 	C:\WINDOWS\system32\ADVAPI32.dll
0x77e50000 - 0x77ee1000 	C:\WINDOWS\system32\RPCRT4.dll
0x7c340000 - 0x7c396000 	C:\Programme\Java\jdk1.6.0_06\jre\bin\msvcr71.dll
0x6d870000 - 0x6dac0000 	C:\Programme\Java\jdk1.6.0_06\jre\bin\client\jvm.dll
0x7e360000 - 0x7e3f0000 	C:\WINDOWS\system32\USER32.dll
0x77ef0000 - 0x77f37000 	C:\WINDOWS\system32\GDI32.dll
0x76af0000 - 0x76b1e000 	C:\WINDOWS\system32\WINMM.dll
0x76330000 - 0x7634d000 	C:\WINDOWS\system32\IMM32.DLL
0x6d320000 - 0x6d328000 	C:\Programme\Java\jdk1.6.0_06\jre\bin\hpi.dll
0x76bb0000 - 0x76bbb000 	C:\WINDOWS\system32\PSAPI.DLL
0x6d820000 - 0x6d82c000 	C:\Programme\Java\jdk1.6.0_06\jre\bin\verify.dll
0x6d3c0000 - 0x6d3df000 	C:\Programme\Java\jdk1.6.0_06\jre\bin\java.dll
0x6d860000 - 0x6d86f000 	C:\Programme\Java\jdk1.6.0_06\jre\bin\zip.dll
0x6d0b0000 - 0x6d1de000 	C:\Programme\Java\jdk1.6.0_06\jre\bin\awt.dll
0x72f70000 - 0x72f96000 	C:\WINDOWS\system32\WINSPOOL.DRV
0x77be0000 - 0x77c38000 	C:\WINDOWS\system32\msvcrt.dll
0x774b0000 - 0x775ed000 	C:\WINDOWS\system32\ole32.dll
0x5b0f0000 - 0x5b128000 	C:\WINDOWS\system32\uxtheme.dll
0x736d0000 - 0x73719000 	C:\WINDOWS\system32\ddraw.dll
0x73b30000 - 0x73b36000 	C:\WINDOWS\system32\DCIMAN32.dll
0x746a0000 - 0x746eb000 	C:\WINDOWS\system32\MSCTF.dll
0x10000000 - 0x1000c000 	D:\Programme\Logitech\SetPoint\GameHook.dll
0x10100000 - 0x1010e000 	D:\Programme\Logitech\SetPoint\lgscroll.dll
0x7c3a0000 - 0x7c41b000 	C:\WINDOWS\system32\MSVCP71.dll
0x75250000 - 0x7527e000 	C:\WINDOWS\system32\msctfime.ime
0x6d2c0000 - 0x6d313000 	C:\Programme\Java\jdk1.6.0_06\jre\bin\fontmanager.dll
0x7c9d0000 - 0x7d1ef000 	C:\WINDOWS\system32\shell32.dll
0x77f40000 - 0x77fb6000 	C:\WINDOWS\system32\SHLWAPI.dll
0x773a0000 - 0x774a3000 	C:\WINDOWS\WinSxS\x86_Microsoft.Windows.Common-Controls_6595b64144ccf1df_6.0.2600.2982_x-ww_ac3f9c03\comctl32.dll
0x5d450000 - 0x5d4ea000 	C:\WINDOWS\system32\comctl32.dll
0x6d620000 - 0x6d633000 	C:\Programme\Java\jdk1.6.0_06\jre\bin\net.dll
0x71a10000 - 0x71a27000 	C:\WINDOWS\system32\WS2_32.dll
0x71a00000 - 0x71a08000 	C:\WINDOWS\system32\WS2HELP.dll
0x6d640000 - 0x6d649000 	C:\Programme\Java\jdk1.6.0_06\jre\bin\nio.dll
0x061f0000 - 0x06205000 	C:\WINDOWS\system32\SSSensor.dll
0x609d0000 - 0x609d9000 	C:\WINDOWS\system32\mslbui.dll
0x719b0000 - 0x719f0000 	C:\WINDOWS\system32\mswsock.dll
0x66710000 - 0x66769000 	C:\WINDOWS\system32\hnetcfg.dll
0x719f0000 - 0x719f8000 	C:\WINDOWS\System32\wshtcpip.dll

VM Arguments:
java_command: webserver.Interface
Launcher Type: SUN_STANDARD

Environment Variables:
PATH=C:\WINDOWS\system32;C:\WINDOWS;C:\WINDOWS\System32\Wbem;D:\Programme\ZipGenius 6\;C:\WINDOWS\Microsoft.NET\Framework\v2.0.50727;D:\Programme\CollabNet Subversion
USERNAME=Mogli
OS=Windows_NT
PROCESSOR_IDENTIFIER=x86 Family 6 Model 15 Stepping 6, GenuineIntel



---------------  S Y S T E M  ---------------

OS: Windows XP Build 2600 Service Pack 2

CPU:total 2 (2 cores per cpu, 1 threads per core) family 6 model 15 stepping 6, cmov, cx8, fxsr, mmx, sse, sse2, sse3, ssse3

Memory: 4k page, physical 2095532k(1187932k free), swap 4033096k(3169544k free)

vm_info: Java HotSpot(TM) Client VM (10.0-b22) for windows-x86 JRE (1.6.0_06-b02), built on Mar 25 2008 01:22:05 by "java_re" with MS VC++ 7.1

time: Fri Jun 06 18:59:43 2008
elapsed time: 8 seconds

